<?xml version="1.0" encoding="UTF-8"?>
<!-- Generated by org.testng.reporters.JUnitReportReporter -->
<testsuite hostname="Devam" failures="0" tests="6" name="org.kadam.SignInPageTest" time="99.084" errors="0" timestamp="2024-07-02T01:02:01 IST" skipped="0">
  <testcase classname="org.kadam.SignInPageTest" name="signInpageUI" time="1.207"/>
  <system-out/>
  <testcase classname="org.kadam.SignInPageTest" name="signInpageUI" time="1.040"/>
  <system-out/>
  <testcase classname="org.kadam.SignInPageTest" name="loginTestFlow" time="45.733"/>
  <system-out/>
  <testcase classname="org.kadam.SignInPageTest" name="loginTestFlow" time="45.501"/>
  <system-out/>
  <testcase classname="org.kadam.SignInPageTest" name="loginRealFlow" time="2.798"/>
  <system-out/>
  <testcase classname="org.kadam.SignInPageTest" name="loginRealFlow" time="2.805"/>
  <system-out/>
</testsuite> <!-- org.kadam.SignInPageTest -->
